[2021-04-23T23:37:44.448] [ERROR] system - sample
[2021-04-25T22:06:32.332] [ERROR] system - c:\study\weblog\views\posts\index.ejs:21
    19|       <div class="border-bottom mt-5 mb-5">
    20|         <h1>
 >> 21|           <%= title %>
    22|         </h1>
    23|       </div>
    24|       <dl class="row mt-5 mb-5">

title is not defined
[2021-04-25T22:07:54.965] [ERROR] system - c:\study\weblog\views\posts\index.ejs:27
    25|         <dt class="col-3">公開日:</dt>
    26|         <dd class="col-9">
 >> 27|           <%= publiched.toLocalseString() %>
    28|         </dd>
    29|         <dt class="col-3">著者:</dt>
    30|         <dd class="col-9">

publiched is not defined
[2021-04-25T22:08:12.613] [ERROR] system - c:\study\weblog\views\posts\index.ejs:27
    25|         <dt class="col-3">公開日:</dt>
    26|         <dd class="col-9">
 >> 27|           <%= publiched.toLocalseString() %>
    28|         </dd>
    29|         <dt class="col-3">著者:</dt>
    30|         <dd class="col-9">

publiched is not defined
[2021-04-25T22:08:19.676] [ERROR] system - c:\study\weblog\views\posts\index.ejs:27
    25|         <dt class="col-3">公開日:</dt>
    26|         <dd class="col-9">
 >> 27|           <%= publiched.toLocalseString() %>
    28|         </dd>
    29|         <dt class="col-3">著者:</dt>
    30|         <dd class="col-9">

publiched is not defined
[2021-04-25T22:08:57.351] [ERROR] system - c:\study\weblog\views\posts\index.ejs:27
    25|         <dt class="col-3">公開日:</dt>
    26|         <dd class="col-9">
 >> 27|           <%= published.toLocalseString() %>
    28|         </dd>
    29|         <dt class="col-3">著者:</dt>
    30|         <dd class="col-9">

published.toLocalseString is not a function
[2021-04-25T23:43:42.320] [ERROR] system - Unexpected token ';' in c:\study\weblog\views\search\list.ejs while compiling ejs

If the above error is not helpful, you may want to try EJS-Lint:
https://github.com/RyanZim/EJS-Lint
Or, if you meant to create an async function, pass `async: true` as an option.
[2021-04-25T23:43:45.167] [ERROR] system - Unexpected token ';' in c:\study\weblog\views\search\list.ejs while compiling ejs

If the above error is not helpful, you may want to try EJS-Lint:
https://github.com/RyanZim/EJS-Lint
Or, if you meant to create an async function, pass `async: true` as an option.
[2021-04-25T23:43:46.268] [ERROR] system - Unexpected token ';' in c:\study\weblog\views\search\list.ejs while compiling ejs

If the above error is not helpful, you may want to try EJS-Lint:
https://github.com/RyanZim/EJS-Lint
Or, if you meant to create an async function, pass `async: true` as an option.
[2021-04-25T23:43:53.014] [ERROR] system - Unexpected token ';' in c:\study\weblog\views\search\list.ejs while compiling ejs

If the above error is not helpful, you may want to try EJS-Lint:
https://github.com/RyanZim/EJS-Lint
Or, if you meant to create an async function, pass `async: true` as an option.
[2021-04-25T23:43:54.418] [ERROR] system - Unexpected token ';' in c:\study\weblog\views\search\list.ejs while compiling ejs

If the above error is not helpful, you may want to try EJS-Lint:
https://github.com/RyanZim/EJS-Lint
Or, if you meant to create an async function, pass `async: true` as an option.
[2021-04-25T23:43:55.487] [ERROR] system - Unexpected token ';' in c:\study\weblog\views\search\list.ejs while compiling ejs

If the above error is not helpful, you may want to try EJS-Lint:
https://github.com/RyanZim/EJS-Lint
Or, if you meant to create an async function, pass `async: true` as an option.
[2021-04-25T23:44:11.738] [ERROR] system - Unexpected token ';' in c:\study\weblog\views\search\list.ejs while compiling ejs

If the above error is not helpful, you may want to try EJS-Lint:
https://github.com/RyanZim/EJS-Lint
Or, if you meant to create an async function, pass `async: true` as an option.
[2021-04-25T23:45:49.548] [ERROR] system - Unexpected token ';' in c:\study\weblog\views\search\list.ejs while compiling ejs

If the above error is not helpful, you may want to try EJS-Lint:
https://github.com/RyanZim/EJS-Lint
Or, if you meant to create an async function, pass `async: true` as an option.
[2021-04-25T23:45:51.694] [ERROR] system - Unexpected token ';' in c:\study\weblog\views\search\list.ejs while compiling ejs

If the above error is not helpful, you may want to try EJS-Lint:
https://github.com/RyanZim/EJS-Lint
Or, if you meant to create an async function, pass `async: true` as an option.

[2021-04-26T22:22:51.221] [ERROR] system - Failed to lookup view "./account/inde.ejs" in views directory "c:\study\weblog\views"
[2021-04-26T22:22:51.224] [ERROR] system - Failed to lookup view "./account/inde.ejs" in views directory "c:\study\weblog\views"
[2021-04-26T22:23:12.330] [ERROR] system - Failed to lookup view "./account/inde.ejs" in views directory "c:\study\weblog\views"
[2021-04-26T22:23:12.333] [ERROR] system - Failed to lookup view "./account/inde.ejs" in views directory "c:\study\weblog\views"
[2021-04-26T22:23:22.974] [ERROR] system - Failed to lookup view "./account/inde.ejs" in views directory "c:\study\weblog\views"
[2021-04-26T22:23:22.979] [ERROR] system - Failed to lookup view "./account/inde.ejs" in views directory "c:\study\weblog\views"
[2021-04-26T22:23:50.264] [ERROR] system - Failed to lookup view "./account/inde.ejs" in views directory "c:\study\weblog\views"
[2021-04-26T22:23:50.273] [ERROR] system - Failed to lookup view "./account/inde.ejs" in views directory "c:\study\weblog\views"
[2021-04-26T22:23:52.639] [ERROR] system - Failed to lookup view "./account/inde.ejs" in views directory "c:\study\weblog\views"
[2021-04-26T22:23:52.640] [ERROR] system - Failed to lookup view "./account/inde.ejs" in views directory "c:\study\weblog\views"
[2021-04-26T22:23:58.278] [ERROR] system - Failed to lookup view "./account/inde.ejs" in views directory "c:\study\weblog\views"
[2021-04-26T22:23:58.280] [ERROR] system - Failed to lookup view "./account/inde.ejs" in views directory "c:\study\weblog\views"
[2021-04-30T00:56:10.474] [ERROR] system - c:\study\weblog\views\account\posts\regist-form.ejs:29
    27|           var original = locals.original ||{}; 
    28|         %>
 >> 29|         <% if (local.errors) {%> 
    30|           <% for (var key in errors) { %> 
    31|             <div><i class="fa fa-exclamation-circle fa-fw mr-2"></i><%= errors[key] %></div>
    32|           <% } %> 

local is not defined
[2021-04-30T00:56:10.480] [ERROR] system - c:\study\weblog\views\account\posts\regist-form.ejs:29
    27|           var original = locals.original ||{}; 
    28|         %>
 >> 29|         <% if (local.errors) {%> 
    30|           <% for (var key in errors) { %> 
    31|             <div><i class="fa fa-exclamation-circle fa-fw mr-2"></i><%= errors[key] %></div>
    32|           <% } %> 

local is not defined
[2021-05-10T22:44:47.334] [ERROR] system - secret option required for sessions
[2021-05-10T22:44:47.341] [ERROR] system - secret option required for sessions
[2021-05-10T22:45:13.074] [ERROR] system - secret option required for sessions
[2021-05-10T22:45:13.077] [ERROR] system - secret option required for sessions
[2021-05-10T22:45:14.140] [ERROR] system - secret option required for sessions
[2021-05-10T22:45:14.150] [ERROR] system - secret option required for sessions
[2021-05-10T22:45:56.245] [ERROR] system - secret option required for sessions
[2021-05-10T22:45:56.247] [ERROR] system - secret option required for sessions
[2021-05-10T22:49:01.898] [ERROR] system - secret option required for sessions
[2021-05-10T22:49:01.906] [ERROR] system - secret option required for sessions
[2021-05-10T22:51:58.061] [ERROR] system - secret option required for sessions
[2021-05-10T22:51:58.083] [ERROR] system - secret option required for sessions
[2021-05-10T22:54:33.854] [ERROR] system - Cannot read property '_csrf' of undefined
[2021-05-10T22:54:33.862] [ERROR] system - Cannot read property '_csrf' of undefined
[2021-05-10T22:57:30.811] [ERROR] system - Cannot read property '_csrf' of undefined
[2021-05-10T22:57:30.815] [ERROR] system - Cannot read property '_csrf' of undefined
[2021-05-10T22:59:05.969] [ERROR] system - Cannot read property '_csrf' of undefined
[2021-05-10T22:59:05.971] [ERROR] system - Cannot read property '_csrf' of undefined
[2021-05-10T22:59:11.567] [ERROR] system - Cannot read property '_csrf' of undefined
[2021-05-10T22:59:11.567] [ERROR] system - Cannot read property '_csrf' of undefined
[2021-05-10T23:00:15.933] [ERROR] system - Cannot read property '_csrf' of undefined
[2021-05-10T23:00:15.936] [ERROR] system - Cannot read property '_csrf' of undefined
[2021-05-10T23:00:35.197] [ERROR] system - Cannot read property '_csrf' of undefined
[2021-05-10T23:00:35.199] [ERROR] system - Cannot read property '_csrf' of undefined
[2021-05-10T23:00:43.764] [ERROR] system - Cannot read property '_csrf' of undefined
[2021-05-10T23:00:43.768] [ERROR] system - Cannot read property '_csrf' of undefined
[2021-05-10T23:01:25.275] [ERROR] system - tokens.varify is not a function
[2021-05-10T23:01:25.283] [ERROR] system - tokens.varify is not a function
[2021-05-10T23:02:49.016] [ERROR] system - tokens.varify is not a function
[2021-05-10T23:02:49.017] [ERROR] system - tokens.varify is not a function
[2021-05-10T23:05:07.835] [ERROR] system - tokens.varify is not a function
[2021-05-10T23:05:07.835] [ERROR] system - tokens.varify is not a function
[2021-05-10T23:05:12.523] [ERROR] system - tokens.varify is not a function
[2021-05-10T23:05:12.524] [ERROR] system - tokens.varify is not a function
[2021-05-10T23:05:24.779] [ERROR] system - Invalid Token.
[2021-05-10T23:05:24.784] [ERROR] system - Invalid Token.
[2021-05-10T23:05:41.685] [ERROR] system - Invalid Token.
[2021-05-10T23:05:41.688] [ERROR] system - Invalid Token.
[2021-05-10T23:09:33.127] [ERROR] system - Invalid Token.
[2021-05-10T23:09:33.131] [ERROR] system - Invalid Token.
[2021-05-10T23:14:06.366] [ERROR] system - Invalid Token.
[2021-05-10T23:14:06.369] [ERROR] system - Invalid Token.
